0 silly argv {
0 silly argv   _: [ 'version' ],
0 silly argv   yes: true,
0 silly argv   y: true,
0 silly argv   'conventional-commits': true,
0 silly argv   conventionalCommits: true,
0 silly argv   'create-release': 'github',
0 silly argv   createRelease: 'github',
0 silly argv   message: 'chore(release): publish',
0 silly argv   m: 'chore(release): publish',
0 silly argv   lernaVersion: '4.0.0',
0 silly argv   '$0': 'node_modules/.bin/lerna'
0 silly argv }
1 notice cli v4.0.0
2 verbose rootPath /Users/ahwelgemoed/Documents/repos/app-services-components
3 silly createGitHubClient
4 error Error: A GH_TOKEN environment variable is required.
4 error     at createGitHubClient (/Users/ahwelgemoed/Documents/repos/app-services-components/node_modules/@lerna/github-client/lib/github-client.js:17:11)
4 error     at createReleaseClient (/Users/ahwelgemoed/Documents/repos/app-services-components/node_modules/@lerna/version/lib/create-release.js:20:14)
4 error     at VersionCommand.configureProperties (/Users/ahwelgemoed/Documents/repos/app-services-components/node_modules/@lerna/version/index.js:80:58)
